#
# There is insufficient memory for the Java Runtime Environment to continue.
# Native memory allocation (mmap) failed to map 266338304 bytes for Failed to commit area from 0x0000000702e00000 to 0x0000000712c00000 of length 266338304.
# Possible reasons:
#   The system is out of physical RAM or swap space
#   The process is running with CompressedOops enabled, and the Java Heap may be blocking the growth of the native heap
# Possible solutions:
#   Reduce memory load on the system
#   Increase physical memory or swap space
#   Check if swap backing store is full
#   Decrease Java heap size (-Xmx/-Xms)
#   Decrease number of Java threads
#   Decrease Java thread stack sizes (-Xss)
#   Set larger code cache with -XX:ReservedCodeCacheSize=
# This output file may be truncated or incomplete.
#
#  Out of Memory Error (./src/hotspot/os/windows/os_windows.cpp:3511), pid=33424, tid=1020
#
# JRE version:  (11.0.11+9) (build )
# Java VM: OpenJDK 64-Bit Server VM (11.0.11+9-b1504.13, mixed mode, sharing, tiered, compressed oops, g1 gc, windows-amd64)
# No core dump will be written. Minidumps are not enabled by default on client versions of Windows
#

---------------  S U M M A R Y ------------

Command Line: git4idea.http.GitAskPassApp Username for 'https://github.com': 

Host: Intel(R) Core(TM) i7-8665U CPU @ 1.90GHz, 8 cores, 15G,  Windows 10 , 64 bit Build 19041 (10.0.19041.2913)
Time: Sun Jun  4 12:06:29 2023 Central Daylight Time elapsed time: 0.023191 seconds (0d 0h 0m 0s)

---------------  T H R E A D  ---------------

Current thread (0x00000276961e6800):  JavaThread "Unknown thread" [_thread_in_vm, id=1020, stack(0x000000811f000000,0x000000811f100000)]

Stack: [0x000000811f000000,0x000000811f100000]
Native frames: (J=compiled Java code, j=interpreted, Vv=VM code, C=native code)
V  [jvm.dll+0x5f5d5a]
V  [jvm.dll+0x7798b5]
V  [jvm.dll+0x77aecd]
V  [jvm.dll+0x77b583]
V  [jvm.dll+0x244978]
V  [jvm.dll+0x5f3174]
V  [jvm.dll+0x5e7d55]
V  [jvm.dll+0x30068b]
V  [jvm.dll+0x3005fa]
V  [jvm.dll+0x3004d2]
V  [jvm.dll+0x3053c6]
V  [jvm.dll+0x34e0a3]
V  [jvm.dll+0x34e7a6]
V  [jvm.dll+0x34e1a3]
V  [jvm.dll+0x2db0c8]
V  [jvm.dll+0x2dc267]
V  [jvm.dll+0x758057]
V  [jvm.dll+0x75984c]
V  [jvm.dll+0x35b659]
V  [jvm.dll+0x73b67e]
V  [jvm.dll+0x3c39f3]
V  [jvm.dll+0x3c5dd1]
C  [jli.dll+0x5373]
C  [ucrtbase.dll+0x21bb2]
C  [KERNEL32.DLL+0x17614]
C  [ntdll.dll+0x526a1]


---------------  P R O C E S S  ---------------

Threads class SMR info:
_java_thread_list=0x0000027693e664f0, length=0, elements={
}

Java Threads: ( => current thread )

Other Threads:
  0x00000276961fe800 GCTaskThread "GC Thread#0" [stack: 0x000000811f200000,0x000000811f300000] [id=31260]
  0x0000027696258000 ConcurrentGCThread "G1 Main Marker" [stack: 0x000000811f300000,0x000000811f400000] [id=7016]
  0x0000027696259800 ConcurrentGCThread "G1 Conc#0" [stack: 0x000000811f400000,0x000000811f500000] [id=21644]

[error occurred during error reporting (printing all threads), id 0xc0000005, EXCEPTION_ACCESS_VIOLATION (0xc0000005) at pc=0x00007ffbc542b8f7]

VM state:not at safepoint (not fully initialized)

VM Mutex/Monitor currently owned by a thread:  ([mutex/lock_event])
[0x00000276961e3410] Heap_lock - owner thread: 0x00000276961e6800

Heap address: 0x0000000702e00000, size: 4050 MB, Compressed Oops mode: Non-zero based: 0x0000000702e00000
Narrow klass base: 0x0000000000000000, Narrow klass shift: 0

GC Heap History (0 events):
No events

Deoptimization events (0 events):
No events

Classes redefined (0 events):
No events

Internal exceptions (0 events):
No events

Events (1 events):
Event: 0.009 Loaded shared library C:\Program Files\JetBrains\PyCharm Community Edition 2020.2\jbr\bin\zip.dll


Dynamic libraries:
0x00007ff7852e0000 - 0x00007ff7852ea000 	C:\Program Files\JetBrains\PyCharm Community Edition 2020.2\jbr\bin\java.exe
0x00007ffc52990000 - 0x00007ffc52b88000 	C:\WINDOWS\SYSTEM32\ntdll.dll
0x00007ffc51140000 - 0x00007ffc511ff000 	C:\WINDOWS\System32\KERNEL32.DLL
0x00007ffc50330000 - 0x00007ffc50626000 	C:\WINDOWS\System32\KERNELBASE.dll
0x00007ffc50660000 - 0x00007ffc50760000 	C:\WINDOWS\System32\ucrtbase.dll
0x00007ffc41a90000 - 0x00007ffc41aa9000 	C:\Program Files\JetBrains\PyCharm Community Edition 2020.2\jbr\bin\jli.dll
0x00007ffc52620000 - 0x00007ffc527bd000 	C:\WINDOWS\System32\USER32.dll
0x00007ffc50760000 - 0x00007ffc50782000 	C:\WINDOWS\System32\win32u.dll
0x00007ffc51e50000 - 0x00007ffc51e7c000 	C:\WINDOWS\System32\GDI32.dll
0x00007ffc508d0000 - 0x00007ffc509e5000 	C:\WINDOWS\System32\gdi32full.dll
0x00007ffc50130000 - 0x00007ffc501cd000 	C:\WINDOWS\System32\msvcp_win.dll
0x00007ffc41a30000 - 0x00007ffc41a47000 	C:\Program Files\JetBrains\PyCharm Community Edition 2020.2\jbr\bin\VCRUNTIME140.dll
0x00007ffc2feb0000 - 0x00007ffc3014a000 	C:\WINDOWS\WinSxS\amd64_microsoft.windows.common-controls_6595b64144ccf1df_6.0.19041.1110_none_60b5254171f9507e\COMCTL32.dll
0x00007ffc51e80000 - 0x00007ffc51f1e000 	C:\WINDOWS\System32\msvcrt.dll
0x00007ffc51420000 - 0x00007ffc51450000 	C:\WINDOWS\System32\IMM32.DLL
0x00007ffc2e4c0000 - 0x00007ffc2e621000 	C:\Program Files (x86)\Citrix\ICA Client\epclient64.dll
0x00007ffc50630000 - 0x00007ffc50657000 	C:\WINDOWS\System32\bcrypt.dll
0x00007ffc51af0000 - 0x00007ffc51e44000 	C:\WINDOWS\System32\combase.dll
0x00007ffc527c0000 - 0x00007ffc528e6000 	C:\WINDOWS\System32\RPCRT4.dll
0x00007ffc42000000 - 0x00007ffc4200a000 	C:\WINDOWS\SYSTEM32\VERSION.dll
0x00007ffc51f20000 - 0x00007ffc51fcf000 	C:\WINDOWS\System32\ADVAPI32.dll
0x00007ffc51fe0000 - 0x00007ffc5207c000 	C:\WINDOWS\System32\sechost.dll
0x00007ffc4f1e0000 - 0x00007ffc4f213000 	C:\WINDOWS\SYSTEM32\ntmarta.dll
0x00000276958f0000 - 0x0000027695972000 	C:\WINDOWS\System32\bcryptprimitives.dll
0x00007ffc4e7d0000 - 0x00007ffc4e7e2000 	C:\WINDOWS\SYSTEM32\kernel.appcore.dll
0x00007ffc00df0000 - 0x00007ffc00e8d000 	C:\Program Files\JetBrains\PyCharm Community Edition 2020.2\jbr\bin\msvcp140.dll
0x00007ffbc5140000 - 0x00007ffbc5c8a000 	C:\Program Files\JetBrains\PyCharm Community Edition 2020.2\jbr\bin\server\jvm.dll
0x00007ffc515a0000 - 0x00007ffc515a8000 	C:\WINDOWS\System32\PSAPI.DLL
0x00007ffc2fc10000 - 0x00007ffc2fc19000 	C:\WINDOWS\SYSTEM32\WSOCK32.dll
0x00007ffc515b0000 - 0x00007ffc5161b000 	C:\WINDOWS\System32\WS2_32.dll
0x00007ffc2cf40000 - 0x00007ffc2cf67000 	C:\WINDOWS\SYSTEM32\WINMM.dll
0x00007ffc42b40000 - 0x00007ffc42b51000 	C:\Program Files\JetBrains\PyCharm Community Edition 2020.2\jbr\bin\verify.dll
0x00007ffc4dc10000 - 0x00007ffc4ddf4000 	C:\WINDOWS\SYSTEM32\DBGHELP.DLL
0x00007ffc41c50000 - 0x00007ffc41c84000 	C:\WINDOWS\SYSTEM32\dbgcore.DLL
0x00007ffc40ae0000 - 0x00007ffc40b09000 	C:\Program Files\JetBrains\PyCharm Community Edition 2020.2\jbr\bin\java.dll
0x00007ffc4a240000 - 0x00007ffc4a24b000 	C:\Program Files\JetBrains\PyCharm Community Edition 2020.2\jbr\bin\jimage.dll
0x00007ffc357f0000 - 0x00007ffc35808000 	C:\Program Files\JetBrains\PyCharm Community Edition 2020.2\jbr\bin\zip.dll

dbghelp: loaded successfully - version: 4.0.5 - missing functions: none
symbol engine: initialized successfully - sym options: 0x614 - pdb path: .;C:\Program Files\JetBrains\PyCharm Community Edition 2020.2\jbr\bin;C:\WINDOWS\SYSTEM32;C:\WINDOWS\WinSxS\amd64_microsoft.windows.common-controls_6595b64144ccf1df_6.0.19041.1110_none_60b5254171f9507e;C:\Program Files (x86)\Citrix\ICA Client;C:\Program Files\JetBrains\PyCharm Community Edition 2020.2\jbr\bin\server

VM Arguments:
java_command: git4idea.http.GitAskPassApp Username for 'https://github.com': 
java_class_path (initial): C:/Program Files/JetBrains/PyCharm Community Edition 2020.2/plugins/git4idea/lib/git4idea-rt.jar;C:/Program Files/JetBrains/PyCharm Community Edition 2020.2/lib/3rd-party.jar
Launcher Type: SUN_STANDARD

[Global flags]
     intx CICompilerCount                          = 4                                         {product} {ergonomic}
     uint ConcGCThreads                            = 2                                         {product} {ergonomic}
     uint G1ConcRefinementThreads                  = 8                                         {product} {ergonomic}
   size_t G1HeapRegionSize                         = 1048576                                   {product} {ergonomic}
    uintx GCDrainStackTargetSize                   = 64                                        {product} {ergonomic}
   size_t InitialHeapSize                          = 266338304                                 {product} {ergonomic}
   size_t MarkStackSize                            = 4194304                                   {product} {ergonomic}
   size_t MaxHeapSize                              = 4246732800                                {product} {ergonomic}
   size_t MinHeapDeltaBytes                        = 1048576                                   {product} {ergonomic}
    uintx NonNMethodCodeHeapSize                   = 5836300                                {pd product} {ergonomic}
    uintx NonProfiledCodeHeapSize                  = 122910970                              {pd product} {ergonomic}
    uintx ProfiledCodeHeapSize                     = 122910970                              {pd product} {ergonomic}
    uintx ReservedCodeCacheSize                    = 251658240                              {pd product} {ergonomic}
     bool SegmentedCodeCache                       = true                                      {product} {ergonomic}
     bool UseCompressedClassPointers               = true                                 {lp64_product} {ergonomic}
     bool UseCompressedOops                        = true                                 {lp64_product} {ergonomic}
     bool UseG1GC                                  = true                                      {product} {ergonomic}
     bool UseLargePagesIndividualAllocation        = false                                  {pd product} {ergonomic}

Logging:
Log output configuration:
 #0: stdout all=warning uptime,level,tags
 #1: stderr all=off uptime,level,tags

Environment Variables:
JAVA_HOME=C:\Program Files\Java\jdk-14.0.2
PATH=C:\Program Files\Git\mingw64\libexec\git-core;C:\Program Files\Git\mingw64\libexec\git-core;C:\Program Files\Git\mingw64\bin;C:\Program Files\Git\usr\bin;C:\Users\dar5\bin;C:\Users\dar5\PyCharmProjects\oarnet\venv\Scripts;C:\WINDOWS\system32;C:\WINDOWS;C:\WINDOWS\System32\Wbem;C:\WINDOWS\System32\WindowsPowerShell\v1.0;C:\WINDOWS\System32\OpenSSH;C:\Program Files\PuTTY;C:\Program Files\Google\Google Apps Sync;C:\Program Files\Google\Google Apps Migration;C:\Program Files\Amazon\AWSCLIV2;C:\Program Files\Docker\Docker\resources\bin;C:\ProgramData\DockerDesktop\version-bin;C:\Program Files\dotnet;C:\Program Files\Git\cmd;C:\Users\dar5\AppData\Local\Programs\Python\Python310\Scripts;C:\Users\dar5\AppData\Local\Programs\Python\Python310;C:\Users\dar5\AppData\Local\Programs\Python\Python38\Scripts;C:\Users\dar5\AppData\Local\Programs\Python\Python38;C:\Users\dar5\AppData\Local\Programs\Python\Python39\Scripts;C:\Users\dar5\AppData\Local\Programs\Python\Python39;C:\Users\dar5\AppData\Local\Microsoft\WindowsApps;C:\Program Files\JetBrains\PyCharm Community Edition 2020.2\bin;C:\Program Files\PostgreSQL\12\bin;C:\Spark\spark-3.0.1-bin-hadoop3.2\bin;C:\hadoop\bin;C:\Program Files (x86)\potrace-1.16.win64;C:\Users\dar5\AppData\Local\GitHubDesktop\bin;C:\Users\dar5\AppData\Local\Box\Box Edit
USERNAME=dar5
DISPLAY=:0.0
LC_ALL=en_US.UTF-8
OS=Windows_NT
PROCESSOR_IDENTIFIER=Intel64 Family 6 Model 142 Stepping 12, GenuineIntel



---------------  S Y S T E M  ---------------

OS: Windows 10 , 64 bit Build 19041 (10.0.19041.2913)
OS uptime: 25 days 12:25 hours
Hyper-V role detected

CPU:total 8 (initial active 8) (4 cores per cpu, 2 threads per core) family 6 model 142 stepping 12 microcode 0xf0, cmov, cx8, fxsr, mmx, sse, sse2, sse3, ssse3, sse4.1, sse4.2, popcnt, avx, avx2, aes, clmul, erms, 3dnowpref, lzcnt, ht, tsc, tscinvbit, bmi1, bmi2, adx, fma

Memory: 4k page, system-wide physical 16194M (3996M free)
TotalPageFile size 65346M (AvailPageFile size 215M)
current process WorkingSet (physical memory assigned to process): 12M, peak: 12M
current process commit charge ("private bytes"): 62M, peak: 315M

vm_info: OpenJDK 64-Bit Server VM (11.0.11+9-b1504.13) for windows-amd64 JRE (11.0.11+9-b1504.13), built on Jul 18 2021 03:17:44 by "" with MS VC++ 14.0 (VS2015)

END.
